<?xml version="1.0" encoding="UTF-8"?>
<testsuite name="boconverter.LongFrom4SerializedFieldTest" tests="5" skipped="0" failures="0" errors="0" timestamp="2025-01-31T18:31:24" hostname="Rownaks-MacBook-Air.local" time="0.003">
  <properties/>
  <testcase name="testSerializeWithNull()" classname="boconverter.LongFrom4SerializedFieldTest" time="0.0"/>
  <testcase name="testSerializeLength()" classname="boconverter.LongFrom4SerializedFieldTest" time="0.001"/>
  <testcase name="testSerialize()" classname="boconverter.LongFrom4SerializedFieldTest" time="0.0"/>
  <testcase name="testDeserialize()" classname="boconverter.LongFrom4SerializedFieldTest" time="0.0"/>
  <testcase name="testSerializeWithNegativeValue()" classname="boconverter.LongFrom4SerializedFieldTest" time="0.001"/>
  <system-out><![CDATA[]]></system-out>
  <system-err><![CDATA[]]></system-err>
</testsuite>
