<?xml version="1.0" encoding="UTF-8"?>
<testsuite name="boconverter.LongSerializerTest" tests="6" skipped="0" failures="0" errors="0" timestamp="2025-01-31T18:43:44" hostname="Rownaks-MacBook-Air.local" time="0.003">
  <properties/>
  <testcase name="testSerializeWithNull()" classname="boconverter.LongSerializerTest" time="0.001"/>
  <testcase name="testSerializeWithInvalidByteSize()" classname="boconverter.LongSerializerTest" time="0.0"/>
  <testcase name="testSerializeLength()" classname="boconverter.LongSerializerTest" time="0.001"/>
  <testcase name="testSerialize()" classname="boconverter.LongSerializerTest" time="0.0"/>
  <testcase name="testDeserialize()" classname="boconverter.LongSerializerTest" time="0.001"/>
  <testcase name="testSerializeWithNegativeValue()" classname="boconverter.LongSerializerTest" time="0.0"/>
  <system-out><![CDATA[]]></system-out>
  <system-err><![CDATA[]]></system-err>
</testsuite>
