<?xml version="1.0" encoding="UTF-8"?>
<testsuite name="boconverter.ShortSerializerTest" tests="5" skipped="0" failures="0" errors="0" timestamp="2025-01-31T18:31:24" hostname="Rownaks-MacBook-Air.local" time="0.002">
  <properties/>
  <testcase name="testSerializeNull()" classname="boconverter.ShortSerializerTest" time="0.0"/>
  <testcase name="testSerialize()" classname="boconverter.ShortSerializerTest" time="0.001"/>
  <testcase name="testDeserialize()" classname="boconverter.ShortSerializerTest" time="0.0"/>
  <testcase name="testDeserializeWithInappropriateByteList()" classname="boconverter.ShortSerializerTest" time="0.001"/>
  <testcase name="testDeserializeNull()" classname="boconverter.ShortSerializerTest" time="0.0"/>
  <system-out><![CDATA[]]></system-out>
  <system-err><![CDATA[]]></system-err>
</testsuite>
